[INFO] Scanning for projects...
[INFO] 
[INFO] -------------------< com.rht.santander:crud-banking >-------------------
[INFO] Building ProcessCustomer 0.0.1-SNAPSHOT
[INFO]   from pom.xml
[INFO] --------------------------------[ jar ]---------------------------------
[WARNING] Parameter 'propertiesEncoding' is unknown for plugin 'maven-resources-plugin:3.1.0:resources (default-resources)'
[WARNING] Parameter 'propertiesEncoding' is unknown for plugin 'maven-resources-plugin:3.1.0:testResources (default-testResources)'
[INFO] 
[INFO] --- clean:3.4.1:clean (default-clean) @ crud-banking ---
[INFO] Deleting C:\Trabajo\W\master\com.bbva.lum.ProcessCustomer\target
[INFO] 
[INFO] --- resources:3.1.0:resources (default-resources) @ crud-banking ---
[INFO] Using 'UTF-8' encoding to copy filtered resources.
[INFO] Copying 1 resource
[INFO] 
[INFO] --- compiler:3.14.0:compile (default-compile) @ crud-banking ---
[INFO] Recompiling the module because of changed source code.
[INFO] Compiling 20 source files with javac [debug parameters release 17] to target\classes
[INFO] 
[INFO] --- resources:3.1.0:testResources (default-testResources) @ crud-banking ---
[INFO] Using 'UTF-8' encoding to copy filtered resources.
[INFO] Copying 1 resource
[INFO] 
[INFO] --- compiler:3.14.0:testCompile (default-testCompile) @ crud-banking ---
[INFO] Recompiling the module because of changed dependency.
[INFO] Compiling 7 source files with javac [debug parameters release 17] to target\test-classes
[INFO] 
[INFO] --- surefire:3.5.3:test (default-test) @ crud-banking ---
[INFO] Using auto detected provider org.apache.maven.surefire.junitplatform.JUnitPlatformProvider
[INFO] 
[INFO] -------------------------------------------------------
[INFO]  T E S T S
[INFO] -------------------------------------------------------
[INFO] Running com.rht.santander.api.v1.BankingEntityQueryControllerIntegrationTest
22:03:39.527 [main] INFO org.springframework.test.context.support.AnnotationConfigContextLoaderUtils -- Could not detect default configuration classes for test class [com.rht.santander.api.v1.BankingEntityQueryControllerIntegrationTest]: BankingEntityQueryControllerIntegrationTest does not declare any static, non-private, non-final, nested classes annotated with @Configuration.
22:03:40.030 [main] INFO org.springframework.boot.test.context.SpringBootTestContextBootstrapper -- Found @SpringBootConfiguration com.rht.santander.BankingApplication for test class com.rht.santander.api.v1.BankingEntityQueryControllerIntegrationTest

  .   ____          _            __ _ _
 /\\ / ___'_ __ _ _(_)_ __  __ _ \ \ \ \
( ( )\___ | '_ | '_| | '_ \/ _` | \ \ \ \
 \\/  ___)| |_)| | | | | || (_| |  ) ) ) )
  '  |____| .__|_| |_|_| |_\__, | / / / /
 =========|_|==============|___/=/_/_/_/

 :: Spring Boot ::                (v3.5.3)

2025-08-27T22:03:41.908-03:00  INFO 18900 --- [CrudBanking] [           main] kingEntityQueryControllerIntegrationTest : Starting BankingEntityQueryControllerIntegrationTest using Java 17.0.12 with PID 18900 (started by LP in C:\Trabajo\W\master\com.bbva.lum.ProcessCustomer)
2025-08-27T22:03:41.912-03:00  INFO 18900 --- [CrudBanking] [           main] kingEntityQueryControllerIntegrationTest : The following 1 profile is active: "test"
2025-08-27T22:03:43.929-03:00  INFO 18900 --- [CrudBanking] [           main] .s.d.r.c.RepositoryConfigurationDelegate : Bootstrapping Spring Data JPA repositories in DEFAULT mode.
2025-08-27T22:03:44.169-03:00  INFO 18900 --- [CrudBanking] [           main] .s.d.r.c.RepositoryConfigurationDelegate : Finished Spring Data repository scanning in 211 ms. Found 1 JPA repository interface.
2025-08-27T22:03:45.991-03:00  INFO 18900 --- [CrudBanking] [           main] o.hibernate.jpa.internal.util.LogHelper  : HHH000204: Processing PersistenceUnitInfo [name: default]
2025-08-27T22:03:46.265-03:00  INFO 18900 --- [CrudBanking] [           main] org.hibernate.Version                    : HHH000412: Hibernate ORM core version 6.6.18.Final
2025-08-27T22:03:46.367-03:00  INFO 18900 --- [CrudBanking] [           main] o.h.c.internal.RegionFactoryInitiator    : HHH000026: Second-level cache disabled
2025-08-27T22:03:47.337-03:00  INFO 18900 --- [CrudBanking] [           main] o.s.o.j.p.SpringPersistenceUnitInfo      : No LoadTimeWeaver setup: ignoring JPA class transformer
2025-08-27T22:03:47.461-03:00  INFO 18900 --- [CrudBanking] [           main] com.zaxxer.hikari.HikariDataSource       : HikariPool-1 - Starting...
2025-08-27T22:03:48.153-03:00  INFO 18900 --- [CrudBanking] [           main] com.zaxxer.hikari.pool.HikariPool        : HikariPool-1 - Added connection conn0: url=jdbc:h2:mem:inventory user=INVUSER
2025-08-27T22:03:48.156-03:00  INFO 18900 --- [CrudBanking] [           main] com.zaxxer.hikari.HikariDataSource       : HikariPool-1 - Start completed.
2025-08-27T22:03:48.239-03:00  WARN 18900 --- [CrudBanking] [           main] org.hibernate.orm.deprecation            : HHH90000025: H2Dialect does not need to be specified explicitly using 'hibernate.dialect' (remove the property setting and it will be selected by default)
2025-08-27T22:03:48.297-03:00  INFO 18900 --- [CrudBanking] [           main] org.hibernate.orm.connections.pooling    : HHH10001005: Database info:
	Database JDBC URL [Connecting through datasource 'HikariDataSource (HikariPool-1)']
	Database driver: undefined/unknown
	Database version: 2.3.232
	Autocommit mode: undefined/unknown
	Isolation level: undefined/unknown
	Minimum pool size: undefined/unknown
	Maximum pool size: undefined/unknown
2025-08-27T22:03:51.548-03:00  INFO 18900 --- [CrudBanking] [           main] o.h.e.t.j.p.i.JtaPlatformInitiator       : HHH000489: No JTA platform available (set 'hibernate.transaction.jta.platform' to enable JTA platform integration)
2025-08-27T22:03:51.637-03:00  INFO 18900 --- [CrudBanking] [           main] j.LocalContainerEntityManagerFactoryBean : Initialized JPA EntityManagerFactory for persistence unit 'default'
2025-08-27T22:03:52.808-03:00  WARN 18900 --- [CrudBanking] [           main] JpaBaseConfiguration$JpaWebConfiguration : spring.jpa.open-in-view is enabled by default. Therefore, database queries may be performed during view rendering. Explicitly configure spring.jpa.open-in-view to disable this warning
2025-08-27T22:03:53.775-03:00  INFO 18900 --- [CrudBanking] [           main] o.s.b.t.m.w.SpringBootMockServletContext : Initializing Spring TestDispatcherServlet ''
2025-08-27T22:03:53.776-03:00  INFO 18900 --- [CrudBanking] [           main] o.s.t.web.servlet.TestDispatcherServlet  : Initializing Servlet ''
2025-08-27T22:03:53.782-03:00  INFO 18900 --- [CrudBanking] [           main] o.s.t.web.servlet.TestDispatcherServlet  : Completed initialization in 2 ms
2025-08-27T22:03:53.838-03:00  INFO 18900 --- [CrudBanking] [           main] kingEntityQueryControllerIntegrationTest : Started BankingEntityQueryControllerIntegrationTest in 13.407 seconds (process running for 16.387)
Java HotSpot(TM) 64-Bit Server VM warning: Sharing is only supported for boot loader classes because bootstrap classpath has been appended
2025-08-27T22:03:55.460-03:00  INFO 18900 --- [CrudBanking] [           main] c.r.s.a.v1.BankingEntityQueryController  : getAllExecution time: 387 ms.-
2025-08-27T22:03:55.612-03:00  INFO 18900 --- [CrudBanking] [           main] c.r.s.s.impl.BankingEntityServiceImpl    : save Start
2025-08-27T22:03:55.796-03:00  INFO 18900 --- [CrudBanking] [           main] c.r.s.s.impl.BankingEntityServiceImpl    : save Exit: COMPLETED 185 ms.-
2025-08-27T22:03:55.812-03:00  INFO 18900 --- [CrudBanking] [           main] c.r.s.a.v1.BankingEntityQueryController  : getByCodeRequest: ABC123
2025-08-27T22:03:55.830-03:00  INFO 18900 --- [CrudBanking] [           main] c.r.s.a.v1.BankingEntityQueryController  : getByCodeExecution time: 18 ms.-
2025-08-27T22:03:55.857-03:00  INFO 18900 --- [CrudBanking] [           main] c.r.s.a.v1.BankingEntityQueryController  : getByCodeRequest: INVALID
2025-08-27T22:03:55.862-03:00  INFO 18900 --- [CrudBanking] [           main] c.r.s.a.v1.BankingEntityQueryController  : getByCodeExecution time: 4 ms.-
2025-08-27T22:03:55.886-03:00  INFO 18900 --- [CrudBanking] [           main] c.r.s.exception.GlobalExceptionHandler   : handleNoSuchElementExceptionException validating request : Entity with code INVALID not found
[INFO] Tests run: 3, Failures: 0, Errors: 0, Skipped: 0, Time elapsed: 16.82 s -- in com.rht.santander.api.v1.BankingEntityQueryControllerIntegrationTest
[INFO] Running com.rht.santander.api.v1.BankingEntityQueryControllerTest
2025-08-27T22:03:56.828-03:00  INFO 18900 --- [CrudBanking] [           main] c.r.s.a.v1.BankingEntityQueryController  : getAllExecution time: 10 ms.-
2025-08-27T22:03:56.875-03:00  INFO 18900 --- [CrudBanking] [           main] c.r.s.a.v1.BankingEntityQueryController  : getByCodeRequest: ABC123
2025-08-27T22:03:56.877-03:00  INFO 18900 --- [CrudBanking] [           main] c.r.s.a.v1.BankingEntityQueryController  : getByCodeExecution time: 2 ms.-
[INFO] Tests run: 2, Failures: 0, Errors: 0, Skipped: 0, Time elapsed: 0.938 s -- in com.rht.santander.api.v1.BankingEntityQueryControllerTest
[INFO] Running com.rht.santander.api.v1.BankingEntityUpdateControllerIntegrationTest
2025-08-27T22:03:56.968-03:00  INFO 18900 --- [CrudBanking] [           main] t.c.s.AnnotationConfigContextLoaderUtils : Could not detect default configuration classes for test class [com.rht.santander.api.v1.BankingEntityUpdateControllerIntegrationTest]: BankingEntityUpdateControllerIntegrationTest does not declare any static, non-private, non-final, nested classes annotated with @Configuration.
2025-08-27T22:03:56.996-03:00  INFO 18900 --- [CrudBanking] [           main] .b.t.c.SpringBootTestContextBootstrapper : Found @SpringBootConfiguration com.rht.santander.BankingApplication for test class com.rht.santander.api.v1.BankingEntityUpdateControllerIntegrationTest

  .   ____          _            __ _ _
 /\\ / ___'_ __ _ _(_)_ __  __ _ \ \ \ \
( ( )\___ | '_ | '_| | '_ \/ _` | \ \ \ \
 \\/  ___)| |_)| | | | | || (_| |  ) ) ) )
  '  |____| .__|_| |_|_| |_\__, | / / / /
 =========|_|==============|___/=/_/_/_/

 :: Spring Boot ::                (v3.5.3)

2025-08-27T22:03:57.131-03:00  INFO 18900 --- [CrudBanking] [           main] ingEntityUpdateControllerIntegrationTest : Starting BankingEntityUpdateControllerIntegrationTest using Java 17.0.12 with PID 18900 (started by LP in C:\Trabajo\W\master\com.bbva.lum.ProcessCustomer)
2025-08-27T22:03:57.132-03:00  INFO 18900 --- [CrudBanking] [           main] ingEntityUpdateControllerIntegrationTest : The following 1 profile is active: "test"
2025-08-27T22:03:57.991-03:00  INFO 18900 --- [CrudBanking] [           main] .s.d.r.c.RepositoryConfigurationDelegate : Bootstrapping Spring Data JPA repositories in DEFAULT mode.
2025-08-27T22:03:58.059-03:00  INFO 18900 --- [CrudBanking] [           main] .s.d.r.c.RepositoryConfigurationDelegate : Finished Spring Data repository scanning in 64 ms. Found 1 JPA repository interface.
2025-08-27T22:03:59.181-03:00  INFO 18900 --- [CrudBanking] [           main] o.hibernate.jpa.internal.util.LogHelper  : HHH000204: Processing PersistenceUnitInfo [name: default]
2025-08-27T22:03:59.196-03:00  INFO 18900 --- [CrudBanking] [           main] o.h.c.internal.RegionFactoryInitiator    : HHH000026: Second-level cache disabled
2025-08-27T22:03:59.244-03:00  INFO 18900 --- [CrudBanking] [           main] o.s.o.j.p.SpringPersistenceUnitInfo      : No LoadTimeWeaver setup: ignoring JPA class transformer
2025-08-27T22:03:59.250-03:00  INFO 18900 --- [CrudBanking] [           main] com.zaxxer.hikari.HikariDataSource       : HikariPool-2 - Starting...
2025-08-27T22:03:59.252-03:00  INFO 18900 --- [CrudBanking] [           main] com.zaxxer.hikari.pool.HikariPool        : HikariPool-2 - Added connection conn10: url=jdbc:h2:mem:inventory user=INVUSER
2025-08-27T22:03:59.253-03:00  INFO 18900 --- [CrudBanking] [           main] com.zaxxer.hikari.HikariDataSource       : HikariPool-2 - Start completed.
2025-08-27T22:03:59.256-03:00  WARN 18900 --- [CrudBanking] [           main] org.hibernate.orm.deprecation            : HHH90000025: H2Dialect does not need to be specified explicitly using 'hibernate.dialect' (remove the property setting and it will be selected by default)
2025-08-27T22:03:59.257-03:00  INFO 18900 --- [CrudBanking] [           main] org.hibernate.orm.connections.pooling    : HHH10001005: Database info:
	Database JDBC URL [Connecting through datasource 'HikariDataSource (HikariPool-2)']
	Database driver: undefined/unknown
	Database version: 2.3.232
	Autocommit mode: undefined/unknown
	Isolation level: undefined/unknown
	Minimum pool size: undefined/unknown
	Maximum pool size: undefined/unknown
2025-08-27T22:03:59.362-03:00  INFO 18900 --- [CrudBanking] [           main] o.h.e.t.j.p.i.JtaPlatformInitiator       : HHH000489: No JTA platform available (set 'hibernate.transaction.jta.platform' to enable JTA platform integration)
2025-08-27T22:03:59.366-03:00  INFO 18900 --- [CrudBanking] [           main] j.LocalContainerEntityManagerFactoryBean : Initialized JPA EntityManagerFactory for persistence unit 'default'
2025-08-27T22:03:59.613-03:00  WARN 18900 --- [CrudBanking] [           main] JpaBaseConfiguration$JpaWebConfiguration : spring.jpa.open-in-view is enabled by default. Therefore, database queries may be performed during view rendering. Explicitly configure spring.jpa.open-in-view to disable this warning
2025-08-27T22:04:00.311-03:00  INFO 18900 --- [CrudBanking] [           main] o.s.b.t.m.w.SpringBootMockServletContext : Initializing Spring TestDispatcherServlet ''
2025-08-27T22:04:00.312-03:00  INFO 18900 --- [CrudBanking] [           main] o.s.t.web.servlet.TestDispatcherServlet  : Initializing Servlet ''
2025-08-27T22:04:00.318-03:00  INFO 18900 --- [CrudBanking] [           main] o.s.t.web.servlet.TestDispatcherServlet  : Completed initialization in 6 ms
2025-08-27T22:04:00.365-03:00  INFO 18900 --- [CrudBanking] [           main] ingEntityUpdateControllerIntegrationTest : Started BankingEntityUpdateControllerIntegrationTest in 3.358 seconds (process running for 22.915)
2025-08-27T22:04:00.433-03:00  INFO 18900 --- [CrudBanking] [           main] c.r.s.s.impl.BankingEntityServiceImpl    : save Start
2025-08-27T22:04:00.443-03:00  INFO 18900 --- [CrudBanking] [           main] c.r.s.s.impl.BankingEntityServiceImpl    : save Exit: COMPLETED 10 ms.-
2025-08-27T22:04:00.495-03:00  INFO 18900 --- [CrudBanking] [           main] c.r.s.a.v.BankingEntityUpdateController  : deleteWithQueryRequest: 150
2025-08-27T22:04:00.496-03:00  INFO 18900 --- [CrudBanking] [           main] c.r.s.s.impl.BankingEntityServiceImpl    : delete Start
2025-08-27T22:04:00.522-03:00  INFO 18900 --- [CrudBanking] [           main] c.r.s.s.impl.BankingEntityServiceImpl    : delete Exit: COMPLETED 27 ms.-
2025-08-27T22:04:00.547-03:00  INFO 18900 --- [CrudBanking] [           main] c.r.s.a.v.BankingEntityUpdateController  : deleteWithQueryExecution time: 53 ms.-
2025-08-27T22:04:00.715-03:00  INFO 18900 --- [CrudBanking] [           main] c.r.s.s.impl.BankingEntityServiceImpl    : save Start
2025-08-27T22:04:00.723-03:00  INFO 18900 --- [CrudBanking] [           main] c.r.s.s.impl.BankingEntityServiceImpl    : save Exit: COMPLETED 8 ms.-
2025-08-27T22:04:00.963-03:00  INFO 18900 --- [CrudBanking] [           main] c.r.s.a.v.BankingEntityUpdateController  : updateBankingEntityRequest: BankingEntityRequest(traceId=null, code=150, name=MODIFICADO, type=Banco, streetName=calle, buildingNumber=123, city=CABA, province=CABA, zipCode=1234, phoneNumber=4321-1234)
2025-08-27T22:04:00.964-03:00  INFO 18900 --- [CrudBanking] [           main] c.r.s.s.impl.BankingEntityServiceImpl    : update Start
2025-08-27T22:04:00.998-03:00  INFO 18900 --- [CrudBanking] [           main] c.r.s.s.impl.BankingEntityServiceImpl    : update Exit: COMPLETED 35 ms.-
2025-08-27T22:04:01.000-03:00  INFO 18900 --- [CrudBanking] [           main] c.r.s.a.v.BankingEntityUpdateController  : updateBankingEntityResponse: BankingEntityResponse(traceId=null, result=OK, cod=0000, msj=COMPLETED SUCCESFULLY)
2025-08-27T22:04:01.002-03:00  INFO 18900 --- [CrudBanking] [           main] c.r.s.a.v.BankingEntityUpdateController  : updateBankingEntityExecution time: 39 ms.-
2025-08-27T22:04:01.200-03:00  INFO 18900 --- [CrudBanking] [           main] c.r.s.a.v.BankingEntityUpdateController  : deleteWithQueryRequest: 150
2025-08-27T22:04:01.201-03:00  INFO 18900 --- [CrudBanking] [           main] c.r.s.a.v.BankingEntityUpdateController  : deleteWithQueryExecution time: 1 ms.-
2025-08-27T22:04:01.206-03:00 ERROR 18900 --- [CrudBanking] [           main] c.r.s.exception.GlobalExceptionHandler   : EXECUTION ERROR

java.lang.NullPointerException: Cannot invoke "org.springframework.http.ResponseEntity.getStatusCode()" because "request" is null
	at com.rht.santander.api.v1.BankingEntityUpdateController.deleteWithQuery(BankingEntityUpdateController.java:145) ~[classes/:na]
	at java.base/jdk.internal.reflect.NativeMethodAccessorImpl.invoke0(Native Method) ~[na:na]
	at java.base/jdk.internal.reflect.NativeMethodAccessorImpl.invoke(NativeMethodAccessorImpl.java:77) ~[na:na]
	at java.base/jdk.internal.reflect.DelegatingMethodAccessorImpl.invoke(DelegatingMethodAccessorImpl.java:43) ~[na:na]
	at java.base/java.lang.reflect.Method.invoke(Method.java:568) ~[na:na]
	at org.springframework.web.method.support.InvocableHandlerMethod.doInvoke(InvocableHandlerMethod.java:258) ~[spring-web-6.2.8.jar:6.2.8]
	at org.springframework.web.method.support.InvocableHandlerMethod.invokeForRequest(InvocableHandlerMethod.java:191) ~[spring-web-6.2.8.jar:6.2.8]
	at org.springframework.web.servlet.mvc.method.annotation.ServletInvocableHandlerMethod.invokeAndHandle(ServletInvocableHandlerMethod.java:118) ~[spring-webmvc-6.2.8.jar:6.2.8]
	at org.springframework.web.servlet.mvc.method.annotation.RequestMappingHandlerAdapter.invokeHandlerMethod(RequestMappingHandlerAdapter.java:986) ~[spring-webmvc-6.2.8.jar:6.2.8]
	at org.springframework.web.servlet.mvc.method.annotation.RequestMappingHandlerAdapter.handleInternal(RequestMappingHandlerAdapter.java:891) ~[spring-webmvc-6.2.8.jar:6.2.8]
	at org.springframework.web.servlet.mvc.method.AbstractHandlerMethodAdapter.handle(AbstractHandlerMethodAdapter.java:87) ~[spring-webmvc-6.2.8.jar:6.2.8]
	at org.springframework.web.servlet.DispatcherServlet.doDispatch(DispatcherServlet.java:1089) ~[spring-webmvc-6.2.8.jar:6.2.8]
	at org.springframework.web.servlet.DispatcherServlet.doService(DispatcherServlet.java:979) ~[spring-webmvc-6.2.8.jar:6.2.8]
	at org.springframework.web.servlet.FrameworkServlet.processRequest(FrameworkServlet.java:1014) ~[spring-webmvc-6.2.8.jar:6.2.8]
	at org.springframework.web.servlet.FrameworkServlet.doDelete(FrameworkServlet.java:936) ~[spring-webmvc-6.2.8.jar:6.2.8]
	at jakarta.servlet.http.HttpServlet.service(HttpServlet.java:596) ~[tomcat-embed-core-10.1.42.jar:6.0]
	at org.springframework.web.servlet.FrameworkServlet.service(FrameworkServlet.java:885) ~[spring-webmvc-6.2.8.jar:6.2.8]
	at org.springframework.test.web.servlet.TestDispatcherServlet.service(TestDispatcherServlet.java:72) ~[spring-test-6.2.8.jar:6.2.8]
	at jakarta.servlet.http.HttpServlet.service(HttpServlet.java:658) ~[tomcat-embed-core-10.1.42.jar:6.0]
	at org.springframework.mock.web.MockFilterChain$ServletFilterProxy.doFilter(MockFilterChain.java:165) ~[spring-test-6.2.8.jar:6.2.8]
	at org.springframework.mock.web.MockFilterChain.doFilter(MockFilterChain.java:132) ~[spring-test-6.2.8.jar:6.2.8]
	at org.springframework.test.web.servlet.MockMvc.perform(MockMvc.java:201) ~[spring-test-6.2.8.jar:6.2.8]
	at com.rht.santander.api.v1.BankingEntityUpdateControllerIntegrationTest.deleteWithQuery_shouldThrowTechnicalException_whenRestTemplateReturnsNull(BankingEntityUpdateControllerIntegrationTest.java:198) ~[test-classes/:na]
	at java.base/jdk.internal.reflect.NativeMethodAccessorImpl.invoke0(Native Method) ~[na:na]
	at java.base/jdk.internal.reflect.NativeMethodAccessorImpl.invoke(NativeMethodAccessorImpl.java:77) ~[na:na]
	at java.base/jdk.internal.reflect.DelegatingMethodAccessorImpl.invoke(DelegatingMethodAccessorImpl.java:43) ~[na:na]
	at java.base/java.lang.reflect.Method.invoke(Method.java:568) ~[na:na]
	at org.junit.platform.commons.util.ReflectionUtils.invokeMethod(ReflectionUtils.java:775) ~[junit-platform-commons-1.12.2.jar:1.12.2]
	at org.junit.platform.commons.support.ReflectionSupport.invokeMethod(ReflectionSupport.java:479) ~[junit-platform-commons-1.12.2.jar:1.12.2]
	at org.junit.jupiter.engine.execution.MethodInvocation.proceed(MethodInvocation.java:60) ~[junit-jupiter-engine-5.12.2.jar:5.12.2]
	at org.junit.jupiter.engine.execution.InvocationInterceptorChain$ValidatingInvocation.proceed(InvocationInterceptorChain.java:131) ~[junit-jupiter-engine-5.12.2.jar:5.12.2]
	at org.junit.jupiter.engine.extension.TimeoutExtension.intercept(TimeoutExtension.java:161) ~[junit-jupiter-engine-5.12.2.jar:5.12.2]
	at org.junit.jupiter.engine.extension.TimeoutExtension.interceptTestableMethod(TimeoutExtension.java:152) ~[junit-jupiter-engine-5.12.2.jar:5.12.2]
	at org.junit.jupiter.engine.extension.TimeoutExtension.interceptTestMethod(TimeoutExtension.java:91) ~[junit-jupiter-engine-5.12.2.jar:5.12.2]
	at org.junit.jupiter.engine.execution.InterceptingExecutableInvoker$ReflectiveInterceptorCall.lambda$ofVoidMethod$0(InterceptingExecutableInvoker.java:112) ~[junit-jupiter-engine-5.12.2.jar:5.12.2]
	at org.junit.jupiter.engine.execution.InterceptingExecutableInvoker.lambda$invoke$0(InterceptingExecutableInvoker.java:94) ~[junit-jupiter-engine-5.12.2.jar:5.12.2]
	at org.junit.jupiter.engine.execution.InvocationInterceptorChain$InterceptedInvocation.proceed(InvocationInterceptorChain.java:106) ~[junit-jupiter-engine-5.12.2.jar:5.12.2]
	at org.junit.jupiter.engine.execution.InvocationInterceptorChain.proceed(InvocationInterceptorChain.java:64) ~[junit-jupiter-engine-5.12.2.jar:5.12.2]
	at org.junit.jupiter.engine.execution.InvocationInterceptorChain.chainAndInvoke(InvocationInterceptorChain.java:45) ~[junit-jupiter-engine-5.12.2.jar:5.12.2]
	at org.junit.jupiter.engine.execution.InvocationInterceptorChain.invoke(InvocationInterceptorChain.java:37) ~[junit-jupiter-engine-5.12.2.jar:5.12.2]
	at org.junit.jupiter.engine.execution.InterceptingExecutableInvoker.invoke(InterceptingExecutableInvoker.java:93) ~[junit-jupiter-engine-5.12.2.jar:5.12.2]
	at org.junit.jupiter.engine.execution.InterceptingExecutableInvoker.invoke(InterceptingExecutableInvoker.java:87) ~[junit-jupiter-engine-5.12.2.jar:5.12.2]
	at org.junit.jupiter.engine.descriptor.TestMethodTestDescriptor.lambda$invokeTestMethod$7(TestMethodTestDescriptor.java:216) ~[junit-jupiter-engine-5.12.2.jar:5.12.2]
	at org.junit.platform.engine.support.hierarchical.ThrowableCollector.execute(ThrowableCollector.java:73) ~[junit-platform-engine-1.12.2.jar:1.12.2]
	at org.junit.jupiter.engine.descriptor.TestMethodTestDescriptor.invokeTestMethod(TestMethodTestDescriptor.java:212) ~[junit-jupiter-engine-5.12.2.jar:5.12.2]
	at org.junit.jupiter.engine.descriptor.TestMethodTestDescriptor.execute(TestMethodTestDescriptor.java:137) ~[junit-jupiter-engine-5.12.2.jar:5.12.2]
	at org.junit.jupiter.engine.descriptor.TestMethodTestDescriptor.execute(TestMethodTestDescriptor.java:69) ~[junit-jupiter-engine-5.12.2.jar:5.12.2]
	at org.junit.platform.engine.support.hierarchical.NodeTestTask.lambda$executeRecursively$6(NodeTestTask.java:156) ~[junit-platform-engine-1.12.2.jar:1.12.2]
	at org.junit.platform.engine.support.hierarchical.ThrowableCollector.execute(ThrowableCollector.java:73) ~[junit-platform-engine-1.12.2.jar:1.12.2]
	at org.junit.platform.engine.support.hierarchical.NodeTestTask.lambda$executeRecursively$8(NodeTestTask.java:146) ~[junit-platform-engine-1.12.2.jar:1.12.2]
	at org.junit.platform.engine.support.hierarchical.Node.around(Node.java:137) ~[junit-platform-engine-1.12.2.jar:1.12.2]
	at org.junit.platform.engine.support.hierarchical.NodeTestTask.lambda$executeRecursively$9(NodeTestTask.java:144) ~[junit-platform-engine-1.12.2.jar:1.12.2]
	at org.junit.platform.engine.support.hierarchical.ThrowableCollector.execute(ThrowableCollector.java:73) ~[junit-platform-engine-1.12.2.jar:1.12.2]
	at org.junit.platform.engine.support.hierarchical.NodeTestTask.executeRecursively(NodeTestTask.java:143) ~[junit-platform-engine-1.12.2.jar:1.12.2]
	at org.junit.platform.engine.support.hierarchical.NodeTestTask.execute(NodeTestTask.java:100) ~[junit-platform-engine-1.12.2.jar:1.12.2]
	at java.base/java.util.ArrayList.forEach(ArrayList.java:1511) ~[na:na]
	at org.junit.platform.engine.support.hierarchical.SameThreadHierarchicalTestExecutorService.invokeAll(SameThreadHierarchicalTestExecutorService.java:41) ~[junit-platform-engine-1.12.2.jar:1.12.2]
	at org.junit.platform.engine.support.hierarchical.NodeTestTask.lambda$executeRecursively$6(NodeTestTask.java:160) ~[junit-platform-engine-1.12.2.jar:1.12.2]
	at org.junit.platform.engine.support.hierarchical.ThrowableCollector.execute(ThrowableCollector.java:73) ~[junit-platform-engine-1.12.2.jar:1.12.2]
	at org.junit.platform.engine.support.hierarchical.NodeTestTask.lambda$executeRecursively$8(NodeTestTask.java:146) ~[junit-platform-engine-1.12.2.jar:1.12.2]
	at org.junit.platform.engine.support.hierarchical.Node.around(Node.java:137) ~[junit-platform-engine-1.12.2.jar:1.12.2]
	at org.junit.platform.engine.support.hierarchical.NodeTestTask.lambda$executeRecursively$9(NodeTestTask.java:144) ~[junit-platform-engine-1.12.2.jar:1.12.2]
	at org.junit.platform.engine.support.hierarchical.ThrowableCollector.execute(ThrowableCollector.java:73) ~[junit-platform-engine-1.12.2.jar:1.12.2]
	at org.junit.platform.engine.support.hierarchical.NodeTestTask.executeRecursively(NodeTestTask.java:143) ~[junit-platform-engine-1.12.2.jar:1.12.2]
	at org.junit.platform.engine.support.hierarchical.NodeTestTask.execute(NodeTestTask.java:100) ~[junit-platform-engine-1.12.2.jar:1.12.2]
	at java.base/java.util.ArrayList.forEach(ArrayList.java:1511) ~[na:na]
	at org.junit.platform.engine.support.hierarchical.SameThreadHierarchicalTestExecutorService.invokeAll(SameThreadHierarchicalTestExecutorService.java:41) ~[junit-platform-engine-1.12.2.jar:1.12.2]
	at org.junit.platform.engine.support.hierarchical.NodeTestTask.lambda$executeRecursively$6(NodeTestTask.java:160) ~[junit-platform-engine-1.12.2.jar:1.12.2]
	at org.junit.platform.engine.support.hierarchical.ThrowableCollector.execute(ThrowableCollector.java:73) ~[junit-platform-engine-1.12.2.jar:1.12.2]
	at org.junit.platform.engine.support.hierarchical.NodeTestTask.lambda$executeRecursively$8(NodeTestTask.java:146) ~[junit-platform-engine-1.12.2.jar:1.12.2]
	at org.junit.platform.engine.support.hierarchical.Node.around(Node.java:137) ~[junit-platform-engine-1.12.2.jar:1.12.2]
	at org.junit.platform.engine.support.hierarchical.NodeTestTask.lambda$executeRecursively$9(NodeTestTask.java:144) ~[junit-platform-engine-1.12.2.jar:1.12.2]
	at org.junit.platform.engine.support.hierarchical.ThrowableCollector.execute(ThrowableCollector.java:73) ~[junit-platform-engine-1.12.2.jar:1.12.2]
	at org.junit.platform.engine.support.hierarchical.NodeTestTask.executeRecursively(NodeTestTask.java:143) ~[junit-platform-engine-1.12.2.jar:1.12.2]
	at org.junit.platform.engine.support.hierarchical.NodeTestTask.execute(NodeTestTask.java:100) ~[junit-platform-engine-1.12.2.jar:1.12.2]
	at org.junit.platform.engine.support.hierarchical.SameThreadHierarchicalTestExecutorService.submit(SameThreadHierarchicalTestExecutorService.java:35) ~[junit-platform-engine-1.12.2.jar:1.12.2]
	at org.junit.platform.engine.support.hierarchical.HierarchicalTestExecutor.execute(HierarchicalTestExecutor.java:57) ~[junit-platform-engine-1.12.2.jar:1.12.2]
	at org.junit.platform.engine.support.hierarchical.HierarchicalTestEngine.execute(HierarchicalTestEngine.java:54) ~[junit-platform-engine-1.12.2.jar:1.12.2]
	at org.junit.platform.launcher.core.EngineExecutionOrchestrator.execute(EngineExecutionOrchestrator.java:201) ~[junit-platform-launcher-1.12.2.jar:1.12.2]
	at org.junit.platform.launcher.core.EngineExecutionOrchestrator.execute(EngineExecutionOrchestrator.java:170) ~[junit-platform-launcher-1.12.2.jar:1.12.2]
	at org.junit.platform.launcher.core.EngineExecutionOrchestrator.execute(EngineExecutionOrchestrator.java:94) ~[junit-platform-launcher-1.12.2.jar:1.12.2]
	at org.junit.platform.launcher.core.EngineExecutionOrchestrator.lambda$execute$0(EngineExecutionOrchestrator.java:59) ~[junit-platform-launcher-1.12.2.jar:1.12.2]
	at org.junit.platform.launcher.core.EngineExecutionOrchestrator.withInterceptedStreams(EngineExecutionOrchestrator.java:142) ~[junit-platform-launcher-1.12.2.jar:1.12.2]
	at org.junit.platform.launcher.core.EngineExecutionOrchestrator.execute(EngineExecutionOrchestrator.java:58) ~[junit-platform-launcher-1.12.2.jar:1.12.2]
	at org.junit.platform.launcher.core.DefaultLauncher.execute(DefaultLauncher.java:103) ~[junit-platform-launcher-1.12.2.jar:1.12.2]
	at org.junit.platform.launcher.core.DefaultLauncher.execute(DefaultLauncher.java:85) ~[junit-platform-launcher-1.12.2.jar:1.12.2]
	at org.junit.platform.launcher.core.DelegatingLauncher.execute(DelegatingLauncher.java:47) ~[junit-platform-launcher-1.12.2.jar:1.12.2]
	at org.junit.platform.launcher.core.InterceptingLauncher.lambda$execute$1(InterceptingLauncher.java:39) ~[junit-platform-launcher-1.12.2.jar:1.12.2]
	at org.junit.platform.launcher.core.ClasspathAlignmentCheckingLauncherInterceptor.intercept(ClasspathAlignmentCheckingLauncherInterceptor.java:25) ~[junit-platform-launcher-1.12.2.jar:1.12.2]
	at org.junit.platform.launcher.core.InterceptingLauncher.execute(InterceptingLauncher.java:38) ~[junit-platform-launcher-1.12.2.jar:1.12.2]
	at org.junit.platform.launcher.core.DelegatingLauncher.execute(DelegatingLauncher.java:47) ~[junit-platform-launcher-1.12.2.jar:1.12.2]
	at org.apache.maven.surefire.junitplatform.LazyLauncher.execute(LazyLauncher.java:56) ~[surefire-junit-platform-3.5.3.jar:3.5.3]
	at org.apache.maven.surefire.junitplatform.JUnitPlatformProvider.execute(JUnitPlatformProvider.java:194) ~[surefire-junit-platform-3.5.3.jar:3.5.3]
	at org.apache.maven.surefire.junitplatform.JUnitPlatformProvider.invokeAllTests(JUnitPlatformProvider.java:150) ~[surefire-junit-platform-3.5.3.jar:3.5.3]
	at org.apache.maven.surefire.junitplatform.JUnitPlatformProvider.invoke(JUnitPlatformProvider.java:124) ~[surefire-junit-platform-3.5.3.jar:3.5.3]
	at org.apache.maven.surefire.booter.ForkedBooter.runSuitesInProcess(ForkedBooter.java:385) ~[surefire-booter-3.5.3.jar:3.5.3]
	at org.apache.maven.surefire.booter.ForkedBooter.execute(ForkedBooter.java:162) ~[surefire-booter-3.5.3.jar:3.5.3]
	at org.apache.maven.surefire.booter.ForkedBooter.run(ForkedBooter.java:507) ~[surefire-booter-3.5.3.jar:3.5.3]
	at org.apache.maven.surefire.booter.ForkedBooter.main(ForkedBooter.java:495) ~[surefire-booter-3.5.3.jar:3.5.3]

2025-08-27T22:04:01.254-03:00  INFO 18900 --- [CrudBanking] [           main] c.r.s.a.v.BankingEntityUpdateController  : updateBankingEntityRequest: BankingEntityRequest(traceId=null, code=150, name=HSBC, type=Banco, streetName=calle, buildingNumber=123, city=CABA, province=CABA, zipCode=1234, phoneNumber=4321-1234)
2025-08-27T22:04:01.254-03:00  INFO 18900 --- [CrudBanking] [           main] c.r.s.s.impl.BankingEntityServiceImpl    : update Start
2025-08-27T22:04:01.257-03:00  INFO 18900 --- [CrudBanking] [           main] c.r.s.a.v.BankingEntityUpdateController  : updateBankingEntityExecution time: 3 ms.-
2025-08-27T22:04:01.263-03:00  INFO 18900 --- [CrudBanking] [           main] c.r.s.exception.GlobalExceptionHandler   : handleNotValidExceptionException validating request : Entity with code 150 not found
2025-08-27T22:04:01.301-03:00  INFO 18900 --- [CrudBanking] [           main] c.r.s.a.v.BankingEntityUpdateController  : processBankingEntityRequest: BankingEntityRequest(traceId=null, code=150, name=HSBC, type=Banco, streetName=calle, buildingNumber=123, city=CABA, province=CABA, zipCode=1234, phoneNumber=4321-1234)
2025-08-27T22:04:01.303-03:00  INFO 18900 --- [CrudBanking] [           main] c.r.s.s.impl.BankingEntityServiceImpl    : save Start
2025-08-27T22:04:01.312-03:00  INFO 18900 --- [CrudBanking] [           main] c.r.s.s.impl.BankingEntityServiceImpl    : save Exit: COMPLETED 9 ms.-
2025-08-27T22:04:01.315-03:00  INFO 18900 --- [CrudBanking] [           main] c.r.s.a.v.BankingEntityUpdateController  : processBankingEntityResponse: BankingEntityResponse(traceId=null, result=OK, cod=0000, msj=COMPLETED SUCCESFULLY)
2025-08-27T22:04:01.317-03:00  INFO 18900 --- [CrudBanking] [           main] c.r.s.a.v.BankingEntityUpdateController  : processBankingEntityExecution time: 20 ms.-
2025-08-27T22:04:01.354-03:00  INFO 18900 --- [CrudBanking] [           main] c.r.s.a.v.BankingEntityUpdateController  : deleteWithQueryRequest: 150
2025-08-27T22:04:01.358-03:00  INFO 18900 --- [CrudBanking] [           main] c.r.s.a.v.BankingEntityUpdateController  : deleteWithQueryExecution time: 4 ms.-
2025-08-27T22:04:01.360-03:00  INFO 18900 --- [CrudBanking] [           main] c.r.s.exception.GlobalExceptionHandler   : handleNoSuchElementExceptionException validating request : Entity with code 150 not found
2025-08-27T22:04:01.394-03:00  INFO 18900 --- [CrudBanking] [           main] c.r.s.s.impl.BankingEntityServiceImpl    : save Start
2025-08-27T22:04:01.406-03:00  INFO 18900 --- [CrudBanking] [           main] c.r.s.s.impl.BankingEntityServiceImpl    : save Exit: COMPLETED 12 ms.-
2025-08-27T22:04:01.408-03:00  INFO 18900 --- [CrudBanking] [           main] c.r.s.a.v.BankingEntityUpdateController  : processBankingEntityRequest: BankingEntityRequest(traceId=null, code=150, name=HSBC, type=Banco, streetName=calle, buildingNumber=123, city=CABA, province=CABA, zipCode=1234, phoneNumber=4321-1234)
2025-08-27T22:04:01.408-03:00  INFO 18900 --- [CrudBanking] [           main] c.r.s.s.impl.BankingEntityServiceImpl    : save Start
2025-08-27T22:04:01.413-03:00  INFO 18900 --- [CrudBanking] [           main] c.r.s.a.v.BankingEntityUpdateController  : processBankingEntityExecution time: 4 ms.-
2025-08-27T22:04:01.414-03:00  INFO 18900 --- [CrudBanking] [           main] c.r.s.exception.GlobalExceptionHandler   : handleNotValidExceptionException validating request : Entity with code 150 alredy exists
2025-08-27T22:04:01.451-03:00  INFO 18900 --- [CrudBanking] [           main] c.r.s.a.v.BankingEntityUpdateController  : deleteBankingEntityRequest: 150
2025-08-27T22:04:01.454-03:00  INFO 18900 --- [CrudBanking] [           main] c.r.s.s.impl.BankingEntityServiceImpl    : delete Start
2025-08-27T22:04:01.464-03:00  INFO 18900 --- [CrudBanking] [           main] c.r.s.a.v.BankingEntityUpdateController  : deleteBankingEntityExecution time: 13 ms.-
2025-08-27T22:04:01.465-03:00  INFO 18900 --- [CrudBanking] [           main] c.r.s.exception.GlobalExceptionHandler   : handleNotValidExceptionException validating request : Entity with code 150 not found
2025-08-27T22:04:01.490-03:00  INFO 18900 --- [CrudBanking] [           main] c.r.s.s.impl.BankingEntityServiceImpl    : save Start
2025-08-27T22:04:01.500-03:00  INFO 18900 --- [CrudBanking] [           main] c.r.s.s.impl.BankingEntityServiceImpl    : save Exit: COMPLETED 10 ms.-
2025-08-27T22:04:01.502-03:00  INFO 18900 --- [CrudBanking] [           main] c.r.s.a.v.BankingEntityUpdateController  : deleteBankingEntityRequest: 150
2025-08-27T22:04:01.502-03:00  INFO 18900 --- [CrudBanking] [           main] c.r.s.s.impl.BankingEntityServiceImpl    : delete Start
2025-08-27T22:04:01.507-03:00  INFO 18900 --- [CrudBanking] [           main] c.r.s.s.impl.BankingEntityServiceImpl    : delete Exit: COMPLETED 5 ms.-
2025-08-27T22:04:01.512-03:00  INFO 18900 --- [CrudBanking] [           main] c.r.s.a.v.BankingEntityUpdateController  : deleteBankingEntityExecution time: 10 ms.-
2025-08-27T22:04:01.558-03:00 ERROR 18900 --- [CrudBanking] [           main] c.r.s.exception.GlobalExceptionHandler   : EXECUTION ERROR

org.springframework.web.bind.MethodArgumentNotValidException: Validation failed for argument [0] in public org.springframework.http.ResponseEntity<com.rht.santander.model.BankingEntityResponse> com.rht.santander.api.v1.BankingEntityUpdateController.processBankingEntity(com.rht.santander.model.BankingEntityRequest) throws com.rht.santander.exception.NotValidException: [Field error in object 'bankingEntityRequest' on field 'name': rejected value [null]; codes [NotEmpty.bankingEntityRequest.name,NotEmpty.name,NotEmpty.java.lang.String,NotEmpty]; arguments [org.springframework.context.support.DefaultMessageSourceResolvable: codes [bankingEntityRequest.name,name]; arguments []; default message [name]]; default message [A field is null]] 
	at org.springframework.web.servlet.mvc.method.annotation.RequestResponseBodyMethodProcessor.resolveArgument(RequestResponseBodyMethodProcessor.java:159) ~[spring-webmvc-6.2.8.jar:6.2.8]
	at org.springframework.web.method.support.HandlerMethodArgumentResolverComposite.resolveArgument(HandlerMethodArgumentResolverComposite.java:122) ~[spring-web-6.2.8.jar:6.2.8]
	at org.springframework.web.method.support.InvocableHandlerMethod.getMethodArgumentValues(InvocableHandlerMethod.java:227) ~[spring-web-6.2.8.jar:6.2.8]
	at org.springframework.web.method.support.InvocableHandlerMethod.invokeForRequest(InvocableHandlerMethod.java:181) ~[spring-web-6.2.8.jar:6.2.8]
	at org.springframework.web.servlet.mvc.method.annotation.ServletInvocableHandlerMethod.invokeAndHandle(ServletInvocableHandlerMethod.java:118) ~[spring-webmvc-6.2.8.jar:6.2.8]
	at org.springframework.web.servlet.mvc.method.annotation.RequestMappingHandlerAdapter.invokeHandlerMethod(RequestMappingHandlerAdapter.java:986) ~[spring-webmvc-6.2.8.jar:6.2.8]
	at org.springframework.web.servlet.mvc.method.annotation.RequestMappingHandlerAdapter.handleInternal(RequestMappingHandlerAdapter.java:891) ~[spring-webmvc-6.2.8.jar:6.2.8]
	at org.springframework.web.servlet.mvc.method.AbstractHandlerMethodAdapter.handle(AbstractHandlerMethodAdapter.java:87) ~[spring-webmvc-6.2.8.jar:6.2.8]
	at org.springframework.web.servlet.DispatcherServlet.doDispatch(DispatcherServlet.java:1089) ~[spring-webmvc-6.2.8.jar:6.2.8]
	at org.springframework.web.servlet.DispatcherServlet.doService(DispatcherServlet.java:979) ~[spring-webmvc-6.2.8.jar:6.2.8]
	at org.springframework.web.servlet.FrameworkServlet.processRequest(FrameworkServlet.java:1014) ~[spring-webmvc-6.2.8.jar:6.2.8]
	at org.springframework.web.servlet.FrameworkServlet.doPost(FrameworkServlet.java:914) ~[spring-webmvc-6.2.8.jar:6.2.8]
	at jakarta.servlet.http.HttpServlet.service(HttpServlet.java:590) ~[tomcat-embed-core-10.1.42.jar:6.0]
	at org.springframework.web.servlet.FrameworkServlet.service(FrameworkServlet.java:885) ~[spring-webmvc-6.2.8.jar:6.2.8]
	at org.springframework.test.web.servlet.TestDispatcherServlet.service(TestDispatcherServlet.java:72) ~[spring-test-6.2.8.jar:6.2.8]
	at jakarta.servlet.http.HttpServlet.service(HttpServlet.java:658) ~[tomcat-embed-core-10.1.42.jar:6.0]
	at org.springframework.mock.web.MockFilterChain$ServletFilterProxy.doFilter(MockFilterChain.java:165) ~[spring-test-6.2.8.jar:6.2.8]
	at org.springframework.mock.web.MockFilterChain.doFilter(MockFilterChain.java:132) ~[spring-test-6.2.8.jar:6.2.8]
	at org.springframework.test.web.servlet.MockMvc.perform(MockMvc.java:201) ~[spring-test-6.2.8.jar:6.2.8]
	at com.rht.santander.api.v1.BankingEntityUpdateControllerIntegrationTest.processBankingEntity_shouldThrowMethodArgumentNotValidException_whenRequestInvalid(BankingEntityUpdateControllerIntegrationTest.java:120) ~[test-classes/:na]
	at java.base/jdk.internal.reflect.NativeMethodAccessorImpl.invoke0(Native Method) ~[na:na]
	at java.base/jdk.internal.reflect.NativeMethodAccessorImpl.invoke(NativeMethodAccessorImpl.java:77) ~[na:na]
	at java.base/jdk.internal.reflect.DelegatingMethodAccessorImpl.invoke(DelegatingMethodAccessorImpl.java:43) ~[na:na]
	at java.base/java.lang.reflect.Method.invoke(Method.java:568) ~[na:na]
	at org.junit.platform.commons.util.ReflectionUtils.invokeMethod(ReflectionUtils.java:775) ~[junit-platform-commons-1.12.2.jar:1.12.2]
	at org.junit.platform.commons.support.ReflectionSupport.invokeMethod(ReflectionSupport.java:479) ~[junit-platform-commons-1.12.2.jar:1.12.2]
	at org.junit.jupiter.engine.execution.MethodInvocation.proceed(MethodInvocation.java:60) ~[junit-jupiter-engine-5.12.2.jar:5.12.2]
	at org.junit.jupiter.engine.execution.InvocationInterceptorChain$ValidatingInvocation.proceed(InvocationInterceptorChain.java:131) ~[junit-jupiter-engine-5.12.2.jar:5.12.2]
	at org.junit.jupiter.engine.extension.TimeoutExtension.intercept(TimeoutExtension.java:161) ~[junit-jupiter-engine-5.12.2.jar:5.12.2]
	at org.junit.jupiter.engine.extension.TimeoutExtension.interceptTestableMethod(TimeoutExtension.java:152) ~[junit-jupiter-engine-5.12.2.jar:5.12.2]
	at org.junit.jupiter.engine.extension.TimeoutExtension.interceptTestMethod(TimeoutExtension.java:91) ~[junit-jupiter-engine-5.12.2.jar:5.12.2]
	at org.junit.jupiter.engine.execution.InterceptingExecutableInvoker$ReflectiveInterceptorCall.lambda$ofVoidMethod$0(InterceptingExecutableInvoker.java:112) ~[junit-jupiter-engine-5.12.2.jar:5.12.2]
	at org.junit.jupiter.engine.execution.InterceptingExecutableInvoker.lambda$invoke$0(InterceptingExecutableInvoker.java:94) ~[junit-jupiter-engine-5.12.2.jar:5.12.2]
	at org.junit.jupiter.engine.execution.InvocationInterceptorChain$InterceptedInvocation.proceed(InvocationInterceptorChain.java:106) ~[junit-jupiter-engine-5.12.2.jar:5.12.2]
	at org.junit.jupiter.engine.execution.InvocationInterceptorChain.proceed(InvocationInterceptorChain.java:64) ~[junit-jupiter-engine-5.12.2.jar:5.12.2]
	at org.junit.jupiter.engine.execution.InvocationInterceptorChain.chainAndInvoke(InvocationInterceptorChain.java:45) ~[junit-jupiter-engine-5.12.2.jar:5.12.2]
	at org.junit.jupiter.engine.execution.InvocationInterceptorChain.invoke(InvocationInterceptorChain.java:37) ~[junit-jupiter-engine-5.12.2.jar:5.12.2]
	at org.junit.jupiter.engine.execution.InterceptingExecutableInvoker.invoke(InterceptingExecutableInvoker.java:93) ~[junit-jupiter-engine-5.12.2.jar:5.12.2]
	at org.junit.jupiter.engine.execution.InterceptingExecutableInvoker.invoke(InterceptingExecutableInvoker.java:87) ~[junit-jupiter-engine-5.12.2.jar:5.12.2]
	at org.junit.jupiter.engine.descriptor.TestMethodTestDescriptor.lambda$invokeTestMethod$7(TestMethodTestDescriptor.java:216) ~[junit-jupiter-engine-5.12.2.jar:5.12.2]
	at org.junit.platform.engine.support.hierarchical.ThrowableCollector.execute(ThrowableCollector.java:73) ~[junit-platform-engine-1.12.2.jar:1.12.2]
	at org.junit.jupiter.engine.descriptor.TestMethodTestDescriptor.invokeTestMethod(TestMethodTestDescriptor.java:212) ~[junit-jupiter-engine-5.12.2.jar:5.12.2]
	at org.junit.jupiter.engine.descriptor.TestMethodTestDescriptor.execute(TestMethodTestDescriptor.java:137) ~[junit-jupiter-engine-5.12.2.jar:5.12.2]
	at org.junit.jupiter.engine.descriptor.TestMethodTestDescriptor.execute(TestMethodTestDescriptor.java:69) ~[junit-jupiter-engine-5.12.2.jar:5.12.2]
	at org.junit.platform.engine.support.hierarchical.NodeTestTask.lambda$executeRecursively$6(NodeTestTask.java:156) ~[junit-platform-engine-1.12.2.jar:1.12.2]
	at org.junit.platform.engine.support.hierarchical.ThrowableCollector.execute(ThrowableCollector.java:73) ~[junit-platform-engine-1.12.2.jar:1.12.2]
	at org.junit.platform.engine.support.hierarchical.NodeTestTask.lambda$executeRecursively$8(NodeTestTask.java:146) ~[junit-platform-engine-1.12.2.jar:1.12.2]
	at org.junit.platform.engine.support.hierarchical.Node.around(Node.java:137) ~[junit-platform-engine-1.12.2.jar:1.12.2]
	at org.junit.platform.engine.support.hierarchical.NodeTestTask.lambda$executeRecursively$9(NodeTestTask.java:144) ~[junit-platform-engine-1.12.2.jar:1.12.2]
	at org.junit.platform.engine.support.hierarchical.ThrowableCollector.execute(ThrowableCollector.java:73) ~[junit-platform-engine-1.12.2.jar:1.12.2]
	at org.junit.platform.engine.support.hierarchical.NodeTestTask.executeRecursively(NodeTestTask.java:143) ~[junit-platform-engine-1.12.2.jar:1.12.2]
	at org.junit.platform.engine.support.hierarchical.NodeTestTask.execute(NodeTestTask.java:100) ~[junit-platform-engine-1.12.2.jar:1.12.2]
	at java.base/java.util.ArrayList.forEach(ArrayList.java:1511) ~[na:na]
	at org.junit.platform.engine.support.hierarchical.SameThreadHierarchicalTestExecutorService.invokeAll(SameThreadHierarchicalTestExecutorService.java:41) ~[junit-platform-engine-1.12.2.jar:1.12.2]
	at org.junit.platform.engine.support.hierarchical.NodeTestTask.lambda$executeRecursively$6(NodeTestTask.java:160) ~[junit-platform-engine-1.12.2.jar:1.12.2]
	at org.junit.platform.engine.support.hierarchical.ThrowableCollector.execute(ThrowableCollector.java:73) ~[junit-platform-engine-1.12.2.jar:1.12.2]
	at org.junit.platform.engine.support.hierarchical.NodeTestTask.lambda$executeRecursively$8(NodeTestTask.java:146) ~[junit-platform-engine-1.12.2.jar:1.12.2]
	at org.junit.platform.engine.support.hierarchical.Node.around(Node.java:137) ~[junit-platform-engine-1.12.2.jar:1.12.2]
	at org.junit.platform.engine.support.hierarchical.NodeTestTask.lambda$executeRecursively$9(NodeTestTask.java:144) ~[junit-platform-engine-1.12.2.jar:1.12.2]
	at org.junit.platform.engine.support.hierarchical.ThrowableCollector.execute(ThrowableCollector.java:73) ~[junit-platform-engine-1.12.2.jar:1.12.2]
	at org.junit.platform.engine.support.hierarchical.NodeTestTask.executeRecursively(NodeTestTask.java:143) ~[junit-platform-engine-1.12.2.jar:1.12.2]
	at org.junit.platform.engine.support.hierarchical.NodeTestTask.execute(NodeTestTask.java:100) ~[junit-platform-engine-1.12.2.jar:1.12.2]
	at java.base/java.util.ArrayList.forEach(ArrayList.java:1511) ~[na:na]
	at org.junit.platform.engine.support.hierarchical.SameThreadHierarchicalTestExecutorService.invokeAll(SameThreadHierarchicalTestExecutorService.java:41) ~[junit-platform-engine-1.12.2.jar:1.12.2]
	at org.junit.platform.engine.support.hierarchical.NodeTestTask.lambda$executeRecursively$6(NodeTestTask.java:160) ~[junit-platform-engine-1.12.2.jar:1.12.2]
	at org.junit.platform.engine.support.hierarchical.ThrowableCollector.execute(ThrowableCollector.java:73) ~[junit-platform-engine-1.12.2.jar:1.12.2]
	at org.junit.platform.engine.support.hierarchical.NodeTestTask.lambda$executeRecursively$8(NodeTestTask.java:146) ~[junit-platform-engine-1.12.2.jar:1.12.2]
	at org.junit.platform.engine.support.hierarchical.Node.around(Node.java:137) ~[junit-platform-engine-1.12.2.jar:1.12.2]
	at org.junit.platform.engine.support.hierarchical.NodeTestTask.lambda$executeRecursively$9(NodeTestTask.java:144) ~[junit-platform-engine-1.12.2.jar:1.12.2]
	at org.junit.platform.engine.support.hierarchical.ThrowableCollector.execute(ThrowableCollector.java:73) ~[junit-platform-engine-1.12.2.jar:1.12.2]
	at org.junit.platform.engine.support.hierarchical.NodeTestTask.executeRecursively(NodeTestTask.java:143) ~[junit-platform-engine-1.12.2.jar:1.12.2]
	at org.junit.platform.engine.support.hierarchical.NodeTestTask.execute(NodeTestTask.java:100) ~[junit-platform-engine-1.12.2.jar:1.12.2]
	at org.junit.platform.engine.support.hierarchical.SameThreadHierarchicalTestExecutorService.submit(SameThreadHierarchicalTestExecutorService.java:35) ~[junit-platform-engine-1.12.2.jar:1.12.2]
	at org.junit.platform.engine.support.hierarchical.HierarchicalTestExecutor.execute(HierarchicalTestExecutor.java:57) ~[junit-platform-engine-1.12.2.jar:1.12.2]
	at org.junit.platform.engine.support.hierarchical.HierarchicalTestEngine.execute(HierarchicalTestEngine.java:54) ~[junit-platform-engine-1.12.2.jar:1.12.2]
	at org.junit.platform.launcher.core.EngineExecutionOrchestrator.execute(EngineExecutionOrchestrator.java:201) ~[junit-platform-launcher-1.12.2.jar:1.12.2]
	at org.junit.platform.launcher.core.EngineExecutionOrchestrator.execute(EngineExecutionOrchestrator.java:170) ~[junit-platform-launcher-1.12.2.jar:1.12.2]
	at org.junit.platform.launcher.core.EngineExecutionOrchestrator.execute(EngineExecutionOrchestrator.java:94) ~[junit-platform-launcher-1.12.2.jar:1.12.2]
	at org.junit.platform.launcher.core.EngineExecutionOrchestrator.lambda$execute$0(EngineExecutionOrchestrator.java:59) ~[junit-platform-launcher-1.12.2.jar:1.12.2]
	at org.junit.platform.launcher.core.EngineExecutionOrchestrator.withInterceptedStreams(EngineExecutionOrchestrator.java:142) ~[junit-platform-launcher-1.12.2.jar:1.12.2]
	at org.junit.platform.launcher.core.EngineExecutionOrchestrator.execute(EngineExecutionOrchestrator.java:58) ~[junit-platform-launcher-1.12.2.jar:1.12.2]
	at org.junit.platform.launcher.core.DefaultLauncher.execute(DefaultLauncher.java:103) ~[junit-platform-launcher-1.12.2.jar:1.12.2]
	at org.junit.platform.launcher.core.DefaultLauncher.execute(DefaultLauncher.java:85) ~[junit-platform-launcher-1.12.2.jar:1.12.2]
	at org.junit.platform.launcher.core.DelegatingLauncher.execute(DelegatingLauncher.java:47) ~[junit-platform-launcher-1.12.2.jar:1.12.2]
	at org.junit.platform.launcher.core.InterceptingLauncher.lambda$execute$1(InterceptingLauncher.java:39) ~[junit-platform-launcher-1.12.2.jar:1.12.2]
	at org.junit.platform.launcher.core.ClasspathAlignmentCheckingLauncherInterceptor.intercept(ClasspathAlignmentCheckingLauncherInterceptor.java:25) ~[junit-platform-launcher-1.12.2.jar:1.12.2]
	at org.junit.platform.launcher.core.InterceptingLauncher.execute(InterceptingLauncher.java:38) ~[junit-platform-launcher-1.12.2.jar:1.12.2]
	at org.junit.platform.launcher.core.DelegatingLauncher.execute(DelegatingLauncher.java:47) ~[junit-platform-launcher-1.12.2.jar:1.12.2]
	at org.apache.maven.surefire.junitplatform.LazyLauncher.execute(LazyLauncher.java:56) ~[surefire-junit-platform-3.5.3.jar:3.5.3]
	at org.apache.maven.surefire.junitplatform.JUnitPlatformProvider.execute(JUnitPlatformProvider.java:194) ~[surefire-junit-platform-3.5.3.jar:3.5.3]
	at org.apache.maven.surefire.junitplatform.JUnitPlatformProvider.invokeAllTests(JUnitPlatformProvider.java:150) ~[surefire-junit-platform-3.5.3.jar:3.5.3]
	at org.apache.maven.surefire.junitplatform.JUnitPlatformProvider.invoke(JUnitPlatformProvider.java:124) ~[surefire-junit-platform-3.5.3.jar:3.5.3]
	at org.apache.maven.surefire.booter.ForkedBooter.runSuitesInProcess(ForkedBooter.java:385) ~[surefire-booter-3.5.3.jar:3.5.3]
	at org.apache.maven.surefire.booter.ForkedBooter.execute(ForkedBooter.java:162) ~[surefire-booter-3.5.3.jar:3.5.3]
	at org.apache.maven.surefire.booter.ForkedBooter.run(ForkedBooter.java:507) ~[surefire-booter-3.5.3.jar:3.5.3]
	at org.apache.maven.surefire.booter.ForkedBooter.main(ForkedBooter.java:495) ~[surefire-booter-3.5.3.jar:3.5.3]

[INFO] Tests run: 10, Failures: 0, Errors: 0, Skipped: 0, Time elapsed: 4.645 s -- in com.rht.santander.api.v1.BankingEntityUpdateControllerIntegrationTest
[INFO] Running com.rht.santander.api.v1.BankingEntityUpdateControllerTest
2025-08-27T22:04:01.640-03:00  INFO 18900 --- [CrudBanking] [           main] c.r.s.a.v.BankingEntityUpdateController  : deleteBankingEntityRequest: 123
2025-08-27T22:04:01.641-03:00  INFO 18900 --- [CrudBanking] [           main] c.r.s.a.v.BankingEntityUpdateController  : deleteBankingEntityExecution time: 1 ms.-
2025-08-27T22:04:01.664-03:00  INFO 18900 --- [CrudBanking] [           main] c.r.s.a.v.BankingEntityUpdateController  : deleteWithQueryRequest: 123
2025-08-27T22:04:01.665-03:00  INFO 18900 --- [CrudBanking] [           main] c.r.s.a.v.BankingEntityUpdateController  : deleteWithQueryExecution time: 1 ms.-
2025-08-27T22:04:01.681-03:00  INFO 18900 --- [CrudBanking] [           main] c.r.s.a.v.BankingEntityUpdateController  : updateBankingEntityRequest: BankingEntityRequest(traceId=null, code=null, name=null, type=null, streetName=null, buildingNumber=0, city=null, province=null, zipCode=0, phoneNumber=null)
2025-08-27T22:04:01.682-03:00  INFO 18900 --- [CrudBanking] [           main] c.r.s.a.v.BankingEntityUpdateController  : updateBankingEntityResponse: BankingEntityResponse(traceId=null, result=OK, cod=0000, msj=COMPLETED SUCCESFULLY)
2025-08-27T22:04:01.682-03:00  INFO 18900 --- [CrudBanking] [           main] c.r.s.a.v.BankingEntityUpdateController  : updateBankingEntityExecution time: 1 ms.-
2025-08-27T22:04:01.690-03:00  INFO 18900 --- [CrudBanking] [           main] c.r.s.a.v.BankingEntityUpdateController  : processBankingEntityRequest: BankingEntityRequest(traceId=null, code=null, name=null, type=null, streetName=null, buildingNumber=0, city=null, province=null, zipCode=0, phoneNumber=null)
2025-08-27T22:04:01.691-03:00  INFO 18900 --- [CrudBanking] [           main] c.r.s.a.v.BankingEntityUpdateController  : processBankingEntityResponse: BankingEntityResponse(traceId=null, result=OK, cod=0000, msj=COMPLETED SUCCESFULLY)
2025-08-27T22:04:01.692-03:00  INFO 18900 --- [CrudBanking] [           main] c.r.s.a.v.BankingEntityUpdateController  : processBankingEntityExecution time: 2 ms.-
[INFO] Tests run: 4, Failures: 0, Errors: 0, Skipped: 0, Time elapsed: 0.072 s -- in com.rht.santander.api.v1.BankingEntityUpdateControllerTest
[INFO] Running com.rht.santander.BankingApplicationTests
2025-08-27T22:04:01.734-03:00  INFO 18900 --- [CrudBanking] [           main] t.c.s.AnnotationConfigContextLoaderUtils : Could not detect default configuration classes for test class [com.rht.santander.BankingApplicationTests]: BankingApplicationTests does not declare any static, non-private, non-final, nested classes annotated with @Configuration.
2025-08-27T22:04:01.775-03:00  INFO 18900 --- [CrudBanking] [           main] .b.t.c.SpringBootTestContextBootstrapper : Found @SpringBootConfiguration com.rht.santander.BankingApplication for test class com.rht.santander.BankingApplicationTests

  .   ____          _            __ _ _
 /\\ / ___'_ __ _ _(_)_ __  __ _ \ \ \ \
( ( )\___ | '_ | '_| | '_ \/ _` | \ \ \ \
 \\/  ___)| |_)| | | | | || (_| |  ) ) ) )
  '  |____| .__|_| |_|_| |_\__, | / / / /
 =========|_|==============|___/=/_/_/_/

 :: Spring Boot ::                (v3.5.3)

2025-08-27T22:04:01.852-03:00  INFO 18900 --- [CrudBanking] [           main] c.rht.santander.BankingApplicationTests  : Starting BankingApplicationTests using Java 17.0.12 with PID 18900 (started by LP in C:\Trabajo\W\master\com.bbva.lum.ProcessCustomer)
2025-08-27T22:04:01.853-03:00  INFO 18900 --- [CrudBanking] [           main] c.rht.santander.BankingApplicationTests  : No active profile set, falling back to 1 default profile: "default"
2025-08-27T22:04:02.691-03:00  INFO 18900 --- [CrudBanking] [           main] .s.d.r.c.RepositoryConfigurationDelegate : Bootstrapping Spring Data JPA repositories in DEFAULT mode.
2025-08-27T22:04:02.728-03:00  INFO 18900 --- [CrudBanking] [           main] .s.d.r.c.RepositoryConfigurationDelegate : Finished Spring Data repository scanning in 31 ms. Found 1 JPA repository interface.
2025-08-27T22:04:03.117-03:00  INFO 18900 --- [CrudBanking] [           main] o.hibernate.jpa.internal.util.LogHelper  : HHH000204: Processing PersistenceUnitInfo [name: default]
2025-08-27T22:04:03.125-03:00  INFO 18900 --- [CrudBanking] [           main] o.h.c.internal.RegionFactoryInitiator    : HHH000026: Second-level cache disabled
2025-08-27T22:04:03.145-03:00  INFO 18900 --- [CrudBanking] [           main] o.s.o.j.p.SpringPersistenceUnitInfo      : No LoadTimeWeaver setup: ignoring JPA class transformer
2025-08-27T22:04:03.148-03:00  INFO 18900 --- [CrudBanking] [           main] com.zaxxer.hikari.HikariDataSource       : HikariPool-3 - Starting...
2025-08-27T22:04:03.151-03:00  INFO 18900 --- [CrudBanking] [           main] com.zaxxer.hikari.pool.HikariPool        : HikariPool-3 - Added connection conn20: url=jdbc:h2:mem:inventory user=INVUSER
2025-08-27T22:04:03.152-03:00  INFO 18900 --- [CrudBanking] [           main] com.zaxxer.hikari.HikariDataSource       : HikariPool-3 - Start completed.
2025-08-27T22:04:03.153-03:00  WARN 18900 --- [CrudBanking] [           main] org.hibernate.orm.deprecation            : HHH90000025: H2Dialect does not need to be specified explicitly using 'hibernate.dialect' (remove the property setting and it will be selected by default)
2025-08-27T22:04:03.153-03:00  INFO 18900 --- [CrudBanking] [           main] org.hibernate.orm.connections.pooling    : HHH10001005: Database info:
	Database JDBC URL [Connecting through datasource 'HikariDataSource (HikariPool-3)']
	Database driver: undefined/unknown
	Database version: 2.3.232
	Autocommit mode: undefined/unknown
	Isolation level: undefined/unknown
	Minimum pool size: undefined/unknown
	Maximum pool size: undefined/unknown
2025-08-27T22:04:03.225-03:00  INFO 18900 --- [CrudBanking] [           main] o.h.e.t.j.p.i.JtaPlatformInitiator       : HHH000489: No JTA platform available (set 'hibernate.transaction.jta.platform' to enable JTA platform integration)
2025-08-27T22:04:03.233-03:00  INFO 18900 --- [CrudBanking] [           main] j.LocalContainerEntityManagerFactoryBean : Initialized JPA EntityManagerFactory for persistence unit 'default'
2025-08-27T22:04:03.543-03:00  WARN 18900 --- [CrudBanking] [           main] JpaBaseConfiguration$JpaWebConfiguration : spring.jpa.open-in-view is enabled by default. Therefore, database queries may be performed during view rendering. Explicitly configure spring.jpa.open-in-view to disable this warning
2025-08-27T22:04:04.034-03:00  INFO 18900 --- [CrudBanking] [           main] c.rht.santander.BankingApplicationTests  : Started BankingApplicationTests in 2.237 seconds (process running for 26.583)
[INFO] Tests run: 1, Failures: 0, Errors: 0, Skipped: 0, Time elapsed: 2.336 s -- in com.rht.santander.BankingApplicationTests
[INFO] Running com.rht.santander.service.BankingEntityServiceIntegrationTest
2025-08-27T22:04:04.071-03:00  INFO 18900 --- [CrudBanking] [           main] t.c.s.AnnotationConfigContextLoaderUtils : Could not detect default configuration classes for test class [com.rht.santander.service.BankingEntityServiceIntegrationTest]: BankingEntityServiceIntegrationTest does not declare any static, non-private, non-final, nested classes annotated with @Configuration.
2025-08-27T22:04:04.121-03:00  INFO 18900 --- [CrudBanking] [           main] .b.t.c.SpringBootTestContextBootstrapper : Found @SpringBootConfiguration com.rht.santander.BankingApplication for test class com.rht.santander.service.BankingEntityServiceIntegrationTest
2025-08-27T22:04:04.350-03:00  INFO 18900 --- [CrudBanking] [           main] c.r.s.s.impl.BankingEntityServiceImpl    : save Start
2025-08-27T22:04:04.358-03:00  INFO 18900 --- [CrudBanking] [           main] c.r.s.s.impl.BankingEntityServiceImpl    : save Exit: COMPLETED 8 ms.-
2025-08-27T22:04:04.359-03:00  INFO 18900 --- [CrudBanking] [           main] c.r.s.s.impl.BankingEntityServiceImpl    : delete Start
2025-08-27T22:04:04.804-03:00  INFO 18900 --- [CrudBanking] [           main] c.r.s.s.impl.BankingEntityServiceImpl    : delete Exit: COMPLETED 445 ms.-
2025-08-27T22:04:04.902-03:00  INFO 18900 --- [CrudBanking] [           main] c.r.s.s.impl.BankingEntityServiceImpl    : save Start
2025-08-27T22:04:04.911-03:00  INFO 18900 --- [CrudBanking] [           main] c.r.s.s.impl.BankingEntityServiceImpl    : save Exit: COMPLETED 9 ms.-
2025-08-27T22:04:04.911-03:00  INFO 18900 --- [CrudBanking] [           main] c.r.s.s.impl.BankingEntityServiceImpl    : update Start
2025-08-27T22:04:04.921-03:00  INFO 18900 --- [CrudBanking] [           main] c.r.s.s.impl.BankingEntityServiceImpl    : update Exit: COMPLETED 10 ms.-
2025-08-27T22:04:04.969-03:00  INFO 18900 --- [CrudBanking] [           main] c.r.s.s.impl.BankingEntityServiceImpl    : save Start
2025-08-27T22:04:04.974-03:00  INFO 18900 --- [CrudBanking] [           main] c.r.s.s.impl.BankingEntityServiceImpl    : save Exit: COMPLETED 5 ms.-
2025-08-27T22:04:04.975-03:00  INFO 18900 --- [CrudBanking] [           main] c.r.s.s.impl.BankingEntityServiceImpl    : delete Start
2025-08-27T22:04:04.980-03:00  INFO 18900 --- [CrudBanking] [           main] c.r.s.s.impl.BankingEntityServiceImpl    : delete Exit: COMPLETED 6 ms.-
2025-08-27T22:04:05.007-03:00  INFO 18900 --- [CrudBanking] [           main] c.r.s.s.impl.BankingEntityServiceImpl    : save Start
2025-08-27T22:04:05.012-03:00  INFO 18900 --- [CrudBanking] [           main] c.r.s.s.impl.BankingEntityServiceImpl    : save Exit: COMPLETED 5 ms.-
2025-08-27T22:04:05.012-03:00  INFO 18900 --- [CrudBanking] [           main] c.r.s.s.impl.BankingEntityServiceImpl    : save Start
2025-08-27T22:04:05.019-03:00  INFO 18900 --- [CrudBanking] [           main] c.r.s.s.impl.BankingEntityServiceImpl    : save Exit: COMPLETED 7 ms.-
2025-08-27T22:04:05.047-03:00  INFO 18900 --- [CrudBanking] [           main] c.r.s.s.impl.BankingEntityServiceImpl    : save Start
2025-08-27T22:04:05.054-03:00  INFO 18900 --- [CrudBanking] [           main] c.r.s.s.impl.BankingEntityServiceImpl    : save Exit: COMPLETED 7 ms.-
[INFO] Tests run: 5, Failures: 0, Errors: 0, Skipped: 0, Time elapsed: 0.997 s -- in com.rht.santander.service.BankingEntityServiceIntegrationTest
[INFO] Running com.rht.santander.service.BankingEntityServiceTest
2025-08-27T22:04:05.259-03:00  INFO 18900 --- [CrudBanking] [           main] c.r.s.s.impl.BankingEntityServiceImpl    : save Start
2025-08-27T22:04:05.264-03:00  INFO 18900 --- [CrudBanking] [           main] c.r.s.s.impl.BankingEntityServiceImpl    : save Exit: COMPLETED 5 ms.-
2025-08-27T22:04:05.274-03:00  INFO 18900 --- [CrudBanking] [           main] c.r.s.s.impl.BankingEntityServiceImpl    : save Start
2025-08-27T22:04:05.280-03:00  INFO 18900 --- [CrudBanking] [           main] c.r.s.s.impl.BankingEntityServiceImpl    : delete Start
2025-08-27T22:04:05.281-03:00  INFO 18900 --- [CrudBanking] [           main] c.r.s.s.impl.BankingEntityServiceImpl    : delete Exit: COMPLETED 1 ms.-
2025-08-27T22:04:05.294-03:00  INFO 18900 --- [CrudBanking] [           main] c.r.s.s.impl.BankingEntityServiceImpl    : delete Start
2025-08-27T22:04:05.314-03:00  INFO 18900 --- [CrudBanking] [           main] c.r.s.s.impl.BankingEntityServiceImpl    : save Start
2025-08-27T22:04:05.323-03:00  INFO 18900 --- [CrudBanking] [           main] c.r.s.s.impl.BankingEntityServiceImpl    : update Start
2025-08-27T22:04:05.324-03:00  INFO 18900 --- [CrudBanking] [           main] c.r.s.s.impl.BankingEntityServiceImpl    : update Exit: COMPLETED 1 ms.-
[INFO] Tests run: 9, Failures: 0, Errors: 0, Skipped: 0, Time elapsed: 0.235 s -- in com.rht.santander.service.BankingEntityServiceTest
[INFO] 
[INFO] Results:
[INFO] 
[INFO] Tests run: 34, Failures: 0, Errors: 0, Skipped: 0
[INFO] 
[INFO] 
[INFO] --- jar:3.4.2:jar (default-jar) @ crud-banking ---
[INFO] Building jar: C:\Trabajo\W\master\com.bbva.lum.ProcessCustomer\target\crud-banking-0.0.1-SNAPSHOT.jar
[INFO] 
[INFO] --- spring-boot:3.5.3:repackage (repackage) @ crud-banking ---
[INFO] Replacing main artifact C:\Trabajo\W\master\com.bbva.lum.ProcessCustomer\target\crud-banking-0.0.1-SNAPSHOT.jar with repackaged archive, adding nested dependencies in BOOT-INF/.
[INFO] The original artifact has been renamed to C:\Trabajo\W\master\com.bbva.lum.ProcessCustomer\target\crud-banking-0.0.1-SNAPSHOT.jar.original
[INFO] 
[INFO] --- install:3.1.4:install (default-install) @ crud-banking ---
[INFO] Installing C:\Trabajo\W\master\com.bbva.lum.ProcessCustomer\pom.xml to C:\Trabajo\swdtools\apache-maven-3.9.9\repository\com\rht\santander\crud-banking\0.0.1-SNAPSHOT\crud-banking-0.0.1-SNAPSHOT.pom
[INFO] Installing C:\Trabajo\W\master\com.bbva.lum.ProcessCustomer\target\crud-banking-0.0.1-SNAPSHOT.jar to C:\Trabajo\swdtools\apache-maven-3.9.9\repository\com\rht\santander\crud-banking\0.0.1-SNAPSHOT\crud-banking-0.0.1-SNAPSHOT.jar
[INFO] 
[INFO] --- dependency:3.8.1:tree (default-cli) @ crud-banking ---
[INFO] com.rht.santander:crud-banking:jar:0.0.1-SNAPSHOT
[INFO] +- org.springframework.boot:spring-boot-starter-data-jpa:jar:3.5.3:compile
[INFO] |  +- org.springframework.boot:spring-boot-starter:jar:3.5.3:compile
[INFO] |  |  +- org.springframework.boot:spring-boot:jar:3.5.3:compile
[INFO] |  |  +- org.springframework.boot:spring-boot-autoconfigure:jar:3.5.3:compile
[INFO] |  |  +- org.springframework.boot:spring-boot-starter-logging:jar:3.5.3:compile
[INFO] |  |  |  +- ch.qos.logback:logback-classic:jar:1.5.18:compile
[INFO] |  |  |  |  \- ch.qos.logback:logback-core:jar:1.5.18:compile
[INFO] |  |  |  +- org.apache.logging.log4j:log4j-to-slf4j:jar:2.24.3:compile
[INFO] |  |  |  |  \- org.apache.logging.log4j:log4j-api:jar:2.24.3:compile
[INFO] |  |  |  \- org.slf4j:jul-to-slf4j:jar:2.0.17:compile
[INFO] |  |  +- jakarta.annotation:jakarta.annotation-api:jar:2.1.1:compile
[INFO] |  |  \- org.yaml:snakeyaml:jar:2.4:compile
[INFO] |  +- org.springframework.boot:spring-boot-starter-jdbc:jar:3.5.3:compile
[INFO] |  |  +- com.zaxxer:HikariCP:jar:6.3.0:compile
[INFO] |  |  \- org.springframework:spring-jdbc:jar:6.2.8:compile
[INFO] |  +- org.hibernate.orm:hibernate-core:jar:6.6.18.Final:compile
[INFO] |  |  +- jakarta.persistence:jakarta.persistence-api:jar:3.1.0:compile
[INFO] |  |  +- jakarta.transaction:jakarta.transaction-api:jar:2.0.1:compile
[INFO] |  |  +- org.jboss.logging:jboss-logging:jar:3.6.1.Final:compile
[INFO] |  |  +- org.hibernate.common:hibernate-commons-annotations:jar:7.0.3.Final:runtime
[INFO] |  |  +- io.smallrye:jandex:jar:3.2.0:runtime
[INFO] |  |  +- com.fasterxml:classmate:jar:1.7.0:compile
[INFO] |  |  +- net.bytebuddy:byte-buddy:jar:1.17.6:runtime
[INFO] |  |  +- org.glassfish.jaxb:jaxb-runtime:jar:4.0.5:runtime
[INFO] |  |  |  \- org.glassfish.jaxb:jaxb-core:jar:4.0.5:runtime
[INFO] |  |  |     +- org.eclipse.angus:angus-activation:jar:2.0.2:runtime
[INFO] |  |  |     +- org.glassfish.jaxb:txw2:jar:4.0.5:runtime
[INFO] |  |  |     \- com.sun.istack:istack-commons-runtime:jar:4.1.2:runtime
[INFO] |  |  +- jakarta.inject:jakarta.inject-api:jar:2.0.1:runtime
[INFO] |  |  \- org.antlr:antlr4-runtime:jar:4.13.0:compile
[INFO] |  +- org.springframework.data:spring-data-jpa:jar:3.5.1:compile
[INFO] |  |  +- org.springframework.data:spring-data-commons:jar:3.5.1:compile
[INFO] |  |  +- org.springframework:spring-orm:jar:6.2.8:compile
[INFO] |  |  +- org.springframework:spring-context:jar:6.2.8:compile
[INFO] |  |  +- org.springframework:spring-aop:jar:6.2.8:compile
[INFO] |  |  +- org.springframework:spring-tx:jar:6.2.8:compile
[INFO] |  |  +- org.springframework:spring-beans:jar:6.2.8:compile
[INFO] |  |  \- org.slf4j:slf4j-api:jar:2.0.17:compile
[INFO] |  \- org.springframework:spring-aspects:jar:6.2.8:compile
[INFO] |     \- org.aspectj:aspectjweaver:jar:1.9.24:compile
[INFO] +- org.springframework.boot:spring-boot-starter-web:jar:3.5.3:compile
[INFO] |  +- org.springframework.boot:spring-boot-starter-json:jar:3.5.3:compile
[INFO] |  |  +- com.fasterxml.jackson.core:jackson-databind:jar:2.19.1:compile
[INFO] |  |  |  +- com.fasterxml.jackson.core:jackson-annotations:jar:2.19.1:compile
[INFO] |  |  |  \- com.fasterxml.jackson.core:jackson-core:jar:2.19.1:compile
[INFO] |  |  +- com.fasterxml.jackson.datatype:jackson-datatype-jdk8:jar:2.19.1:compile
[INFO] |  |  +- com.fasterxml.jackson.datatype:jackson-datatype-jsr310:jar:2.19.1:compile
[INFO] |  |  \- com.fasterxml.jackson.module:jackson-module-parameter-names:jar:2.19.1:compile
[INFO] |  +- org.springframework.boot:spring-boot-starter-tomcat:jar:3.5.3:compile
[INFO] |  |  +- org.apache.tomcat.embed:tomcat-embed-core:jar:10.1.42:compile
[INFO] |  |  \- org.apache.tomcat.embed:tomcat-embed-websocket:jar:10.1.42:compile
[INFO] |  +- org.springframework:spring-web:jar:6.2.8:compile
[INFO] |  |  \- io.micrometer:micrometer-observation:jar:1.15.1:compile
[INFO] |  |     \- io.micrometer:micrometer-commons:jar:1.15.1:compile
[INFO] |  \- org.springframework:spring-webmvc:jar:6.2.8:compile
[INFO] |     \- org.springframework:spring-expression:jar:6.2.8:compile
[INFO] +- org.springframework.boot:spring-boot-starter-validation:jar:3.5.3:compile
[INFO] |  +- org.apache.tomcat.embed:tomcat-embed-el:jar:10.1.42:compile
[INFO] |  \- org.hibernate.validator:hibernate-validator:jar:8.0.2.Final:compile
[INFO] |     \- jakarta.validation:jakarta.validation-api:jar:3.0.2:compile
[INFO] +- com.h2database:h2:jar:2.3.232:runtime
[INFO] +- org.projectlombok:lombok:jar:1.18.38:compile (optional)
[INFO] +- org.springframework.boot:spring-boot-starter-test:jar:3.5.3:test
[INFO] |  +- org.springframework.boot:spring-boot-test:jar:3.5.3:test
[INFO] |  +- org.springframework.boot:spring-boot-test-autoconfigure:jar:3.5.3:test
[INFO] |  +- com.jayway.jsonpath:json-path:jar:2.9.0:test
[INFO] |  +- jakarta.xml.bind:jakarta.xml.bind-api:jar:4.0.2:runtime
[INFO] |  |  \- jakarta.activation:jakarta.activation-api:jar:2.1.3:runtime
[INFO] |  +- net.minidev:json-smart:jar:2.5.2:test
[INFO] |  |  \- net.minidev:accessors-smart:jar:2.5.2:test
[INFO] |  |     \- org.ow2.asm:asm:jar:9.7.1:test
[INFO] |  +- org.assertj:assertj-core:jar:3.27.3:test
[INFO] |  +- org.awaitility:awaitility:jar:4.2.2:test
[INFO] |  +- org.hamcrest:hamcrest:jar:3.0:test
[INFO] |  +- org.junit.jupiter:junit-jupiter:jar:5.12.2:test
[INFO] |  |  +- org.junit.jupiter:junit-jupiter-api:jar:5.12.2:test
[INFO] |  |  |  +- org.opentest4j:opentest4j:jar:1.3.0:test
[INFO] |  |  |  +- org.junit.platform:junit-platform-commons:jar:1.12.2:test
[INFO] |  |  |  \- org.apiguardian:apiguardian-api:jar:1.1.2:test
[INFO] |  |  +- org.junit.jupiter:junit-jupiter-params:jar:5.12.2:test
[INFO] |  |  \- org.junit.jupiter:junit-jupiter-engine:jar:5.12.2:test
[INFO] |  |     \- org.junit.platform:junit-platform-engine:jar:1.12.2:test
[INFO] |  +- org.mockito:mockito-core:jar:5.17.0:test
[INFO] |  |  +- net.bytebuddy:byte-buddy-agent:jar:1.17.6:test
[INFO] |  |  \- org.objenesis:objenesis:jar:3.3:test
[INFO] |  +- org.mockito:mockito-junit-jupiter:jar:5.17.0:test
[INFO] |  +- org.skyscreamer:jsonassert:jar:1.5.3:test
[INFO] |  |  \- com.vaadin.external.google:android-json:jar:0.0.20131108.vaadin1:test
[INFO] |  +- org.springframework:spring-core:jar:6.2.8:compile
[INFO] |  |  \- org.springframework:spring-jcl:jar:6.2.8:compile
[INFO] |  +- org.springframework:spring-test:jar:6.2.8:test
[INFO] |  \- org.xmlunit:xmlunit-core:jar:2.10.2:test
[INFO] \- io.swagger.core.v3:swagger-annotations:jar:2.1.6:compile
[INFO] ------------------------------------------------------------------------
[INFO] BUILD SUCCESS
[INFO] ------------------------------------------------------------------------
[INFO] Total time:  53.797 s
[INFO] Finished at: 2025-08-27T22:04:13-03:00
[INFO] ------------------------------------------------------------------------
